<?xml version="1.0" encoding="UTF-8"?>
<!-- Generated by org.testng.reporters.JUnitReportReporter -->
<testsuite hostname="Mac15,7-ArnoldNirmal" failures="0" tests="1" name="com.selenium.framework.tests.LoginTest" time="24.081" errors="0" timestamp="2025-04-20T18:35:32 IST" skipped="0">
  <testcase classname="com.selenium.framework.tests.LoginTest" name="testLoginWithValidCredentials" time="24.081"/>
</testsuite> <!-- com.selenium.framework.tests.LoginTest -->
